
Database C:\dev\crimson\game_bins\crimsonland\1.9.93-gog\grim.dll.i64 already exists.
Do you want to overwrite it? -> ~L~oad existing

  bytes   pages size description
--------- ----- ---- --------------------------------------------
  9207808  1124 8192 allocating memory for b-tree...
  1482752   181 8192 allocating memory for virtual array...
   262144    32 8192 allocating memory for name pointers...
-----------------------------------------------------------------
 10952704            total memory allocated

Loading processor module C:\Program Files\IDA Professional 9.2\procs\pc.dll for metapc...OK
Loading type libraries...
Autoanalysis subsystem has been initialized.
Database for file 'grim.dll' has been loaded.
Hex-Rays Decompiler plugin has been loaded (v9.2.0.250908)
  The hotkeys are F5: decompile, Ctrl-F5: decompile all.

  Please check the Edit/Plugins menu for more information.
Hex-rays version 9.2.0.250908 has been detected, gooMBA plugin ready to use
IDA export complete: C:\dev\crimson\analysis\ida\raw\grim.dll
Flushing buffers, please wait...ok
Unloading IDP module C:\Program Files\IDA Professional 9.2\procs\pc.dll...Database C:\dev\crimson\game_bins\crimsonland\1.9.93-gog\grim.dll.i64 already exists.
Do you want to overwrite it? -> ~L~oad existing

  bytes   pages size description
--------- ----- ---- --------------------------------------------
  9207808  1124 8192 allocating memory for b-tree...
  1482752   181 8192 allocating memory for virtual array...
   262144    32 8192 allocating memory for name pointers...
-----------------------------------------------------------------
 10952704            total memory allocated

Loading processor module C:\Program Files\IDA Professional 9.2\procs\pc.dll for metapc...OK
Loading type libraries...
Autoanalysis subsystem has been initialized.
Database for file 'grim.dll' has been loaded.
Hex-Rays Decompiler plugin has been loaded (v9.2.0.250908)
  The hotkeys are F5: decompile, Ctrl-F5: decompile all.

  Please check the Edit/Plugins menu for more information.
Hex-rays version 9.2.0.250908 has been detected, gooMBA plugin ready to use
IDA export complete: C:\dev\crimson\analysis\ida\raw\grim.dll
Flushing buffers, please wait...ok
Unloading IDP module C:\Program Files\IDA Professional 9.2\procs\pc.dll...Database C:\dev\crimson\game_bins\crimsonland\1.9.93-gog\grim.dll.i64 already exists.
Do you want to overwrite it? -> ~L~oad existing

  bytes   pages size description
--------- ----- ---- --------------------------------------------
  9207808  1124 8192 allocating memory for b-tree...
  1482752   181 8192 allocating memory for virtual array...
   262144    32 8192 allocating memory for name pointers...
-----------------------------------------------------------------
 10952704            total memory allocated

Loading processor module C:\Program Files\IDA Professional 9.2\procs\pc.dll for metapc...OK
Loading type libraries...
Autoanalysis subsystem has been initialized.
Database for file 'grim.dll' has been loaded.
Hex-Rays Decompiler plugin has been loaded (v9.2.0.250908)
  The hotkeys are F5: decompile, Ctrl-F5: decompile all.

  Please check the Edit/Plugins menu for more information.
Hex-rays version 9.2.0.250908 has been detected, gooMBA plugin ready to use
IDA export complete: C:\dev\crimson\analysis\ida\raw\grim.dll
Flushing buffers, please wait...ok
Unloading IDP module C:\Program Files\IDA Professional 9.2\procs\pc.dll...