openjdk version "21.0.9" 2025-10-21
OpenJDK Runtime Environment (build 21.0.9+10-Ubuntu-125.10)
OpenJDK 64-Bit Server VM (build 21.0.9+10-Ubuntu-125.10, mixed mode)
INFO  Using log config file: jar:file:/opt/ghidra_12.0.1_PUBLIC/Ghidra/Framework/Generic/lib/Generic.jar!/generic.log4j.xml (LoggingInitialization)  
INFO  Using log file: analysis/ghidra/raw/ghidra_analysis.log (LoggingInitialization)  
INFO  Loading user preferences: /home/node/.config/ghidra/ghidra_12.0.1_PUBLIC/preferences (Preferences)  
INFO  Searching for classes... (ClassSearcher)  
INFO  Class search complete (722 ms) (ClassSearcher)  
INFO  Initializing SSL Context (DefaultSSLContextInitializer)  
INFO  Initializing Random Number Generator... (SecureRandomFactory)  
INFO  Random Number Generator initialization complete: NativePRNGNonBlocking (SecureRandomFactory)  
INFO  Trust manager disabled, cacerts have not been set (DefaultTrustManagerFactory)  
INFO  Headless startup complete (1373 ms) (AnalyzeHeadless)  
INFO  Class searcher loaded 58 extension points (18 false positives) (ClassSearcher)  
INFO  HEADLESS Script Paths:
    /opt/ghidra_12.0.1_PUBLIC/Ghidra/Debug/Debugger/ghidra_scripts
    /opt/ghidra_12.0.1_PUBLIC/Ghidra/Features/Base/ghidra_scripts
    /opt/ghidra_12.0.1_PUBLIC/Ghidra/Processors/PIC/ghidra_scripts
    /opt/ghidra_12.0.1_PUBLIC/Ghidra/Features/VersionTracking/ghidra_scripts
    /opt/ghidra_12.0.1_PUBLIC/Ghidra/Features/DecompilerDependent/ghidra_scripts
    /opt/ghidra_12.0.1_PUBLIC/Ghidra/Features/PDB/ghidra_scripts
    /opt/ghidra_12.0.1_PUBLIC/Ghidra/Processors/JVM/ghidra_scripts
    /opt/ghidra_12.0.1_PUBLIC/Ghidra/Features/WildcardAssembler/ghidra_scripts
    /opt/ghidra_12.0.1_PUBLIC/Ghidra/Features/GnuDemangler/ghidra_scripts
    /opt/ghidra_12.0.1_PUBLIC/Ghidra/Features/SystemEmulation/ghidra_scripts
    /opt/ghidra_12.0.1_PUBLIC/Ghidra/Features/FileFormats/ghidra_scripts
    /opt/ghidra_12.0.1_PUBLIC/Ghidra/Features/BytePatterns/ghidra_scripts
    /opt/ghidra_12.0.1_PUBLIC/Ghidra/Features/Jython/ghidra_scripts
    /opt/ghidra_12.0.1_PUBLIC/Ghidra/Features/MicrosoftCodeAnalyzer/ghidra_scripts
    /workspace/analysis/ghidra/tooling/ghidra_scripts
    /opt/ghidra_12.0.1_PUBLIC/Ghidra/Processors/DATA/ghidra_scripts
    /opt/ghidra_12.0.1_PUBLIC/Ghidra/Debug/Debugger-rmi-trace/ghidra_scripts
    /opt/ghidra_12.0.1_PUBLIC/Ghidra/Features/BSim/ghidra_scripts
    /opt/ghidra_12.0.1_PUBLIC/Ghidra/Processors/8051/ghidra_scripts
    /workspace/analysis/ghidra/scripts
    /opt/ghidra_12.0.1_PUBLIC/Ghidra/Features/PyGhidra/ghidra_scripts
    /opt/ghidra_12.0.1_PUBLIC/Ghidra/Features/SwiftDemangler/ghidra_scripts
    /opt/ghidra_12.0.1_PUBLIC/Ghidra/Features/Decompiler/ghidra_scripts
    /opt/ghidra_12.0.1_PUBLIC/Ghidra/Features/FunctionID/ghidra_scripts
    /opt/ghidra_12.0.1_PUBLIC/Ghidra/Processors/Atmel/ghidra_scripts (HeadlessAnalyzer)  
INFO  HEADLESS: execution starts (HeadlessAnalyzer)  
INFO  Creating temporary project: /tmp/ghidra_grim_dll_291510 (HeadlessAnalyzer)  
INFO  Creating project: /tmp/ghidra_grim_dll_291510 (DefaultProject)  
INFO  REPORT: Processing input files:  (HeadlessAnalyzer)  
INFO       project: /tmp/ghidra_grim_dll_291510 (HeadlessAnalyzer)  
INFO  IMPORTING: file:///workspace/game_bins/crimsonland/1.9.93-gog/grim.dll (HeadlessAnalyzer)  
INFO  Using Loader: Portable Executable (PE) (ProgramLoader)  
INFO  Using Language/Compiler: x86:LE:32:default:windows (ProgramLoader)  
INFO  Using Library Search Path: [., /bin, /lib, /lib64, /lib/x86_64-linux-gnu, /lib/aarch64-linux-gnu, /usr/bin, /usr/lib, /usr/X11R6/bin, /usr/X11R6/lib, /usr/java/packages/lib, /usr/lib/aarch64-linux-gnu/jni, /usr/lib/aarch64-linux-gnu, /usr/lib/jni] (ProgramLoader)  
INFO  Additional info:
Loading file:///workspace/game_bins/crimsonland/1.9.93-gog/grim.dll?MD5=88d5f6d66a1389cdeb3c30dc6ee4aa42...
------------------------------------------------

Searching 8 paths for library ADVAPI32.DLL...
Library not found.
------------------------------------------------

Searching 8 paths for library D3D8.DLL...
Library not found.
------------------------------------------------

Searching 8 paths for library DINPUT8.DLL...
Library not found.
------------------------------------------------

Searching 8 paths for library GDI32.DLL...
Library not found.
------------------------------------------------

Searching 8 paths for library KERNEL32.DLL...
Library not found.
------------------------------------------------

Searching 8 paths for library MSVCRT.DLL...
Library not found.
------------------------------------------------

Searching 8 paths for library URLMON.DLL...
Library not found.
------------------------------------------------

Searching 8 paths for library USER32.DLL...
Library not found.
------------------------------------------------

Searching 8 paths for library WINMM.DLL...
Library not found.
------------------------------------------------

Applying /home/node/.config/ghidra/ghidra_12.0.1_PUBLIC/symbols/win32/kernel32.exports
Applying /home/node/.config/ghidra/ghidra_12.0.1_PUBLIC/symbols/win32/user32.exports
Applying /home/node/.config/ghidra/ghidra_12.0.1_PUBLIC/symbols/win32/gdi32.exports
Applying /home/node/.config/ghidra/ghidra_12.0.1_PUBLIC/symbols/win32/msvcrt.exports
Applying /home/node/.config/ghidra/ghidra_12.0.1_PUBLIC/symbols/win32/winmm.exports
Applying /home/node/.config/ghidra/ghidra_12.0.1_PUBLIC/symbols/win32/urlmon.exports
Applying /home/node/.config/ghidra/ghidra_12.0.1_PUBLIC/symbols/win32/advapi32.exports
Linking the External Programs of 'grim.dll' to imported libraries...
  [KERNEL32.DLL] -> not found in project
  [USER32.DLL] -> not found in project
  [GDI32.DLL] -> not found in project
  [MSVCRT.DLL] -> not found in project
  [D3D8.DLL] -> not found in project
  [WINMM.DLL] -> not found in project
  [DINPUT8.DLL] -> not found in project
  [URLMON.DLL] -> not found in project
  [ADVAPI32.DLL] -> not found in project
------------------------------------------------

 (ProgramLoader)  
INFO  IMPORTING: Loaded 0 additional files (HeadlessAnalyzer)  
INFO  ANALYZING all memory and code: file:///workspace/game_bins/crimsonland/1.9.93-gog/grim.dll (HeadlessAnalyzer)  
WARN  Ignoring leading '_' chars on no-return name '___raise_securityfailure' specified in file: /opt/ghidra_12.0.1_PUBLIC/Ghidra/Features/Base/data/PEFunctionsThatDoNotReturn (NoReturnFunctionAnalyzer)  
WARN  Ignoring leading '_' chars on no-return name '___report_rangecheckfailure' specified in file: /opt/ghidra_12.0.1_PUBLIC/Ghidra/Features/Base/data/PEFunctionsThatDoNotReturn (NoReturnFunctionAnalyzer)  
INFO  Skipping PDB processing: missing PDB information in program metadata (PdbUniversalAnalyzer)  
INFO  Packed database cache: /var/tmp/node-ghidra/packed-db-cache (PackedDatabaseCache)  
ERROR Invalid PNG data at 1004e51c (PngDataType)  
INFO  hit non-returning function, restarting decompiler switch analyzer later (DecompilerSwitchAnalyzer)  
INFO  Applied data type archive: windows_vs12_32 (ApplyDataArchiveAnalyzer)  
INFO  hit non-returning function, restarting decompiler switch analyzer later (DecompilerSwitchAnalyzer)  
INFO  Applied data type archive: windows_vs12_32 (ApplyDataArchiveAnalyzer)  
INFO  -----------------------------------------------------
    ASCII Strings                              0.212 secs
    Apply Data Archives                        0.109 secs
    Call Convention ID                         0.004 secs
    Call-Fixup Installer                       0.019 secs
    Create Address Tables                      0.042 secs
    Create Address Tables - One Time           0.043 secs
    Create Function                            0.173 secs
    Data Reference                             0.127 secs
    Decompiler Parameter ID                    4.545 secs
    Decompiler Switch Analysis                 7.602 secs
    Decompiler Switch Analysis - One Time      2.486 secs
    Demangler Microsoft                        0.016 secs
    Disassemble                                0.948 secs
    Disassemble Entry Points                   0.029 secs
    Embedded Media                             0.011 secs
    External Entry References                  0.000 secs
    Function ID                                0.279 secs
    Function Start Pre Search                  0.010 secs
    Function Start Search                      0.053 secs
    Function Start Search After Code           0.020 secs
    Function Start Search After Data           0.016 secs
    Function Start Search delayed - One Time   0.004 secs
    Non-Returning Functions - Discovered       0.068 secs
    Non-Returning Functions - Known            0.002 secs
    PDB Universal                              0.001 secs
    Reference                                  0.209 secs
    Scalar Operand References                  0.458 secs
    Shared Return Calls                        0.080 secs
    Stack                                      1.503 secs
    Subroutine References                      0.259 secs
    Subroutine References - One Time           0.001 secs
    Windows x86 PE Exception Handling          1.032 secs
    Windows x86 PE RTTI Analyzer               0.000 secs
    Windows x86 Thread Environment Block (TEB) Analyzer     0.010 secs
    WindowsResourceReference                   0.555 secs
    X86 Function Callee Purge                  0.054 secs
    x86 Constant Reference Analyzer            1.446 secs
-----------------------------------------------------
     Total Time   22 secs
-----------------------------------------------------
 (AutoAnalysisManager)  
INFO  REPORT: Analysis succeeded for file: file:///workspace/game_bins/crimsonland/1.9.93-gog/grim.dll (HeadlessAnalyzer)  
INFO  REPORT: Execute script: ImportThirdPartyHeaders.java 'third_party/headers'  (HeadlessAnalyzer)  
INFO  SCRIPT: /workspace/analysis/ghidra/scripts/ImportThirdPartyHeaders.java (HeadlessAnalyzer)  
INFO  ImportThirdPartyHeaders.java> Parsing third-party headers into: grim.dll (GhidraScript)  
INFO  ImportThirdPartyHeaders.java> Headers root: /workspace/third_party/headers (GhidraScript)  
INFO  parse /workspace/third_party/headers/jpeg_all.h (CParserUtils)  
INFO  parse /workspace/third_party/headers/zlib.h (CParserUtils)  
INFO  parse /workspace/third_party/headers/png_struct_stub.h (CParserUtils)  
INFO  parse /workspace/third_party/headers/ogg/ogg.h (CParserUtils)  
INFO  parse /workspace/third_party/headers/vorbis/codec.h (CParserUtils)  
INFO  parse /workspace/third_party/headers/vorbis/vorbisfile.h (CParserUtils)  
INFO  parse /workspace/third_party/headers/d3d8.h (CParserUtils)  
INFO  parse /workspace/third_party/headers/d3dtypes.h (CParserUtils)  
INFO  parse /workspace/third_party/headers/dxguid.h (CParserUtils)  
INFO  parse /workspace/third_party/headers/dinput.h (CParserUtils)  
INFO  parse /workspace/third_party/headers/dinputd_stub.h (CParserUtils)  
INFO  parse /workspace/third_party/headers/dsound.h (CParserUtils)  
INFO  REPORT: Execute script: ApplyWinapiGDT.java 'analysis/ghidra/maps/winapi_32.gdt'  (HeadlessAnalyzer)  
INFO  SCRIPT: /workspace/analysis/ghidra/scripts/ApplyWinapiGDT.java (HeadlessAnalyzer)  
INFO  ApplyWinapiGDT.java> Applying WinAPI GDT: /workspace/analysis/ghidra/maps/winapi_32.gdt (GhidraScript)  
INFO  REPORT: Execute script: CreateGrim2DVtableFunctions.java  (HeadlessAnalyzer)  
INFO  SCRIPT: /workspace/analysis/ghidra/scripts/CreateGrim2DVtableFunctions.java (HeadlessAnalyzer)  
INFO  CreateGrim2DVtableFunctions.java> CreateGrim2DVtableFunctions: created=84 skipped=80 (GhidraScript)  
INFO  REPORT: Execute script: CreateConfigDialogProc.java  (HeadlessAnalyzer)  
INFO  SCRIPT: /workspace/analysis/ghidra/scripts/CreateConfigDialogProc.java (HeadlessAnalyzer)  
INFO  CreateConfigDialogProc.java> CreateConfigDialogProc: created function at 10002120 (GhidraScript)  
INFO  REPORT: Execute script: ApplyNameMap.java 'analysis/ghidra/maps/name_map.json'  (HeadlessAnalyzer)  
INFO  SCRIPT: /workspace/analysis/ghidra/scripts/ApplyNameMap.java (HeadlessAnalyzer)  
INFO  ApplyNameMap.java> Applied name map: /workspace/analysis/ghidra/maps/name_map.json (GhidraScript)  
INFO  ApplyNameMap.java> Program: grim.dll (GhidraScript)  
INFO  ApplyNameMap.java> Updated entries: 173 (GhidraScript)  
INFO  ApplyNameMap.java> Renamed: 149, Signatures: 173, Comments: 150 (GhidraScript)  
INFO  ApplyNameMap.java> Missing: 0, Skipped: 241 (GhidraScript)  
INFO  REPORT: Execute script: ApplyDataMap.java 'analysis/ghidra/maps/data_map.json'  (HeadlessAnalyzer)  
INFO  SCRIPT: /workspace/analysis/ghidra/scripts/ApplyDataMap.java (HeadlessAnalyzer)  
INFO  ApplyDataMap.java> Applied data map: /workspace/analysis/ghidra/maps/data_map.json (GhidraScript)  
INFO  ApplyDataMap.java> Program: grim.dll (GhidraScript)  
INFO  ApplyDataMap.java> Updated entries: 86 (GhidraScript)  
INFO  ApplyDataMap.java> Created: 0, Renamed: 86, Comments: 86, Types: 13 (GhidraScript)  
INFO  ApplyDataMap.java> Missing: 0, Skipped: 604 (GhidraScript)  
INFO  REPORT: Execute script: ExportAll.java  (HeadlessAnalyzer)  
INFO  SCRIPT: /workspace/analysis/ghidra/tooling/ghidra_scripts/ExportAll.java (HeadlessAnalyzer)  
INFO  ExportAll.java> === Starting comprehensive export === (GhidraScript)  
INFO  ExportAll.java> Output directory: analysis/ghidra/raw (GhidraScript)  
INFO  ExportAll.java> Program: grim.dll (GhidraScript)  
INFO  ExportAll.java> Architecture: x86 (GhidraScript)  
INFO  ExportAll.java>  (GhidraScript)  
INFO  ExportAll.java> Exporting summary to: grim.dll_summary.txt (GhidraScript)  
INFO  ExportAll.java> Exporting decompiled code to: grim.dll_decompiled.c (GhidraScript)  
INFO  ExportAll.java>   Decompiled 920 functions (GhidraScript)  
INFO  ExportAll.java> Exporting functions to: grim.dll_functions.json (GhidraScript)  
INFO  ExportAll.java>   Exported 960 functions (GhidraScript)  
INFO  ExportAll.java> Exporting strings to: grim.dll_strings.txt (GhidraScript)  
INFO  ExportAll.java>   Exported 583 strings (GhidraScript)  
INFO  ExportAll.java> Analyzing interesting patterns... (GhidraScript)  
INFO  ExportAll.java>  (GhidraScript)  
INFO  ExportAll.java> === Export complete === (GhidraScript)  
INFO  ANALYZING changes made by post scripts: file:///workspace/game_bins/crimsonland/1.9.93-gog/grim.dll (HeadlessAnalyzer)  
INFO  -----------------------------------------------------
    Call Convention ID                         2.523 secs
    Call-Fixup Installer                       0.001 secs
    Data Reference                             0.000 secs
    Decompiler Parameter ID                    1.931 secs
    Function Start Search                      0.001 secs
    Function Start Search After Data           0.000 secs
    Shared Return Calls                        0.001 secs
    Stack                                      0.053 secs
    X86 Function Callee Purge                  0.000 secs
-----------------------------------------------------
     Total Time   4 secs
-----------------------------------------------------
 (AutoAnalysisManager)  
INFO  REPORT: Post-analysis succeeded for file: file:///workspace/game_bins/crimsonland/1.9.93-gog/grim.dll (HeadlessAnalyzer)  
INFO  /grim.dll: file created (node) (LocalFileSystem)  
INFO  REPORT: Save succeeded for: /grim.dll (ghidra_grim_dll_291510:/grim.dll) (HeadlessAnalyzer)  
INFO  REPORT: Import succeeded (HeadlessAnalyzer)  
